2023-09-21 21:10:19.309 [info] Extension host with pid 4342 started
2023-09-21 21:10:19.459 [info] ExtensionService#_doActivateExtension vscode.git-base, startup: true, activationEvent: '*', root cause: vscode.git
2023-09-21 21:10:19.464 [info] ExtensionService#_doActivateExtension oderwat.indent-rainbow, startup: true, activationEvent: '*'
2023-09-21 21:10:19.568 [info] ExtensionService#_doActivateExtension vscode.git, startup: true, activationEvent: '*'
2023-09-21 21:10:19.891 [info] ExtensionService#_doActivateExtension vscode.github, startup: true, activationEvent: '*'
2023-09-21 21:10:20.382 [info] Eager extensions activated
2023-09-21 21:10:20.399 [info] ExtensionService#_doActivateExtension vscode.github-authentication, startup: false, activationEvent: 'onAuthenticationRequest:github'
2023-09-21 21:10:20.588 [info] ExtensionService#_doActivateExtension vscode.debug-auto-launch, startup: false, activationEvent: 'onStartupFinished'
2023-09-21 21:10:20.603 [info] ExtensionService#_doActivateExtension vscode.merge-conflict, startup: false, activationEvent: 'onStartupFinished'
2023-09-21 21:10:20.632 [info] ExtensionService#_doActivateExtension aaron-bond.better-comments, startup: false, activationEvent: 'onStartupFinished'
2023-09-21 21:10:20.644 [info] ExtensionService#_doActivateExtension esbenp.prettier-vscode, startup: false, activationEvent: 'onStartupFinished'
2023-09-21 21:10:20.899 [info] ExtensionService#_doActivateExtension ms-edgedevtools.vscode-edge-devtools, startup: false, activationEvent: 'onStartupFinished'
2023-09-21 21:10:21.348 [info] ExtensionService#_doActivateExtension ritwickdey.LiveServer, startup: false, activationEvent: 'onStartupFinished'
2023-09-21 21:10:21.379 [info] ExtensionService#_doActivateExtension usernamehw.errorlens, startup: false, activationEvent: 'onStartupFinished'
2023-09-21 21:10:21.404 [info] ExtensionService#_doActivateExtension vscode-icons-team.vscode-icons, startup: false, activationEvent: 'onStartupFinished'
2023-09-21 21:10:22.191 [info] ExtensionService#_doActivateExtension vscode.microsoft-authentication, startup: false, activationEvent: 'onAuthenticationRequest:microsoft'
2023-09-21 21:10:29.781 [info] Extension host terminating: renderer closed the MessagePort
2023-09-21 21:10:31.441 [info] Extension host with pid 4411 started
2023-09-21 21:10:31.441 [info] Skipping acquiring lock for /home/user/webpages_tech/hamburger-earmuffs/~/.vscode-root/User/workspaceStorage/7ef4a2f2f5d7aa7c6b29482c9f45c7ed.
2023-09-21 21:10:31.567 [info] ExtensionService#_doActivateExtension vscode.git-base, startup: true, activationEvent: '*'
2023-09-21 21:10:31.601 [info] ExtensionService#_doActivateExtension vscode.github, startup: true, activationEvent: '*'
2023-09-21 21:10:31.777 [info] Eager extensions activated
2023-09-21 21:10:31.807 [info] ExtensionService#_doActivateExtension vscode.debug-auto-launch, startup: false, activationEvent: 'onStartupFinished'
2023-09-21 21:10:31.826 [info] ExtensionService#_doActivateExtension vscode.merge-conflict, startup: false, activationEvent: 'onStartupFinished'
2023-09-21 21:10:31.858 [info] ExtensionService#_doActivateExtension esbenp.prettier-vscode, startup: false, activationEvent: 'onStartupFinished'
2023-09-21 21:10:31.929 [info] ExtensionService#_doActivateExtension ms-edgedevtools.vscode-edge-devtools, startup: false, activationEvent: 'onStartupFinished'
2023-09-21 21:10:31.988 [info] ExtensionService#_doActivateExtension vscode-icons-team.vscode-icons, startup: false, activationEvent: 'onStartupFinished'
2023-09-21 21:10:33.328 [info] ExtensionService#_doActivateExtension vscode.github-authentication, startup: false, activationEvent: 'onAuthenticationRequest:github'
2023-09-21 21:10:33.578 [info] ExtensionService#_doActivateExtension vscode.html-language-features, startup: false, activationEvent: 'onLanguage:html'
2023-09-21 21:10:33.822 [info] ExtensionService#_doActivateExtension vscode.emmet, startup: false, activationEvent: 'onLanguage'
2023-09-21 21:10:34.321 [info] ExtensionService#_doActivateExtension vscode.microsoft-authentication, startup: false, activationEvent: 'onAuthenticationRequest:microsoft'
2023-09-21 21:10:34.787 [info] Extension host with pid 4342 exiting with code 0
2023-09-21 21:10:38.826 [info] ExtensionService#_doActivateExtension vscode.git, startup: false, activationEvent: 'api', root cause: vscode.github
2023-09-21 21:10:38.895 [info] ExtensionService#_doActivateExtension aaron-bond.better-comments, startup: false, activationEvent: 'onStartupFinished'
2023-09-21 21:10:38.907 [info] ExtensionService#_doActivateExtension oderwat.indent-rainbow, startup: false, activationEvent: '*'
2023-09-21 21:10:38.909 [info] ExtensionService#_doActivateExtension ritwickdey.LiveServer, startup: false, activationEvent: 'onStartupFinished'
2023-09-21 21:10:38.928 [info] ExtensionService#_doActivateExtension usernamehw.errorlens, startup: false, activationEvent: 'onStartupFinished'
2023-09-21 21:12:06.132 [warning] [Decorations] CAPPING events from decorations provider vscode.git 382
2023-09-21 21:12:11.193 [warning] [Decorations] CAPPING events from decorations provider vscode.git 379
2023-09-21 21:12:16.249 [warning] [Decorations] CAPPING events from decorations provider vscode.git 380
2023-09-21 21:12:21.283 [warning] [Decorations] CAPPING events from decorations provider vscode.git 380
2023-09-21 21:12:26.321 [warning] [Decorations] CAPPING events from decorations provider vscode.git 380
2023-09-21 21:12:31.368 [warning] [Decorations] CAPPING events from decorations provider vscode.git 380
2023-09-21 21:12:36.411 [warning] [Decorations] CAPPING events from decorations provider vscode.git 380
2023-09-21 21:12:41.453 [warning] [Decorations] CAPPING events from decorations provider vscode.git 380
2023-09-21 21:12:46.497 [warning] [Decorations] CAPPING events from decorations provider vscode.git 380
2023-09-21 21:12:51.559 [warning] [Decorations] CAPPING events from decorations provider vscode.git 380
2023-09-21 21:12:56.591 [warning] [Decorations] CAPPING events from decorations provider vscode.git 381
