2023-09-21 21:10:21.769 [info] Log level: Info
2023-09-21 21:10:21.769 [info] Validating found git in: "git"
2023-09-21 21:10:21.769 [info] Using git "2.34.1" from "git"
2023-09-21 21:10:39.012 [info] Log level: Info
2023-09-21 21:10:39.012 [info] Validating found git in: "git"
2023-09-21 21:10:39.012 [info] Using git "2.34.1" from "git"
2023-09-21 21:10:39.020 [info] > git rev-parse --show-toplevel [24ms]
2023-09-21 21:10:39.042 [info] > git rev-parse --git-dir --git-common-dir [11ms]
2023-09-21 21:10:39.069 [info] Open repository: /home/user/webpages_tech/hamburger-earmuffs
2023-09-21 21:10:39.150 [info] > git rev-parse --show-toplevel [6ms]
2023-09-21 21:10:39.151 [info] > git config --get commit.template [15ms]
2023-09-21 21:10:39.179 [info] > git rev-parse --show-toplevel [22ms]
2023-09-21 21:10:39.188 [info] > git for-each-ref --format=%(refname)%00%(upstream:short)%00%(objectname)%00%(upstream:track)%00%(upstream:remotename)%00%(upstream:remoteref) refs/heads/main refs/remotes/main [17ms]
2023-09-21 21:10:39.212 [info] > git rev-parse --show-toplevel [24ms]
2023-09-21 21:10:39.227 [info] > git status -z -uall [24ms]
2023-09-21 21:10:39.270 [info] > git config --get commit.template [17ms]
2023-09-21 21:10:39.290 [info] > git for-each-ref --format=%(refname)%00%(upstream:short)%00%(objectname)%00%(upstream:track)%00%(upstream:remotename)%00%(upstream:remoteref) refs/heads/main refs/remotes/main [21ms]
2023-09-21 21:10:39.309 [info] > git status -z -uall [9ms]
2023-09-21 21:10:39.660 [info] > git check-ignore -v -z --stdin [3ms]
2023-09-21 21:10:39.678 [info] > git show --textconv :index.html [7ms]
2023-09-21 21:10:39.682 [info] > git ls-files --stage -- /home/user/webpages_tech/hamburger-earmuffs/index.html [4ms]
2023-09-21 21:10:39.690 [info] > git cat-file -s 3bc626b45d920da84b932f604cc8866cd1f1334a [2ms]
2023-09-21 21:10:46.155 [info] > git config --get commit.template [6ms]
2023-09-21 21:10:46.158 [info] > git for-each-ref --format=%(refname)%00%(upstream:short)%00%(objectname)%00%(upstream:track)%00%(upstream:remotename)%00%(upstream:remoteref) refs/heads/main refs/remotes/main [4ms]
2023-09-21 21:10:46.167 [info] > git status -z -uall [4ms]
2023-09-21 21:10:51.198 [info] > git config --get commit.template [7ms]
2023-09-21 21:10:51.201 [info] > git for-each-ref --format=%(refname)%00%(upstream:short)%00%(objectname)%00%(upstream:track)%00%(upstream:remotename)%00%(upstream:remoteref) refs/heads/main refs/remotes/main [3ms]
2023-09-21 21:10:51.211 [info] > git status -z -uall [5ms]
2023-09-21 21:10:56.238 [info] > git config --get commit.template [7ms]
2023-09-21 21:10:56.240 [info] > git for-each-ref --format=%(refname)%00%(upstream:short)%00%(objectname)%00%(upstream:track)%00%(upstream:remotename)%00%(upstream:remoteref) refs/heads/main refs/remotes/main [3ms]
2023-09-21 21:10:56.249 [info] > git status -z -uall [4ms]
2023-09-21 21:11:01.315 [info] > git config --get commit.template [26ms]
2023-09-21 21:11:01.318 [info] > git for-each-ref --format=%(refname)%00%(upstream:short)%00%(objectname)%00%(upstream:track)%00%(upstream:remotename)%00%(upstream:remoteref) refs/heads/main refs/remotes/main [7ms]
2023-09-21 21:11:01.334 [info] > git status -z -uall [9ms]
2023-09-21 21:11:06.355 [info] > git config --get commit.template [6ms]
2023-09-21 21:11:06.357 [info] > git for-each-ref --format=%(refname)%00%(upstream:short)%00%(objectname)%00%(upstream:track)%00%(upstream:remotename)%00%(upstream:remoteref) refs/heads/main refs/remotes/main [3ms]
2023-09-21 21:11:06.367 [info] > git status -z -uall [6ms]
2023-09-21 21:11:11.537 [info] > git config --get commit.template [7ms]
2023-09-21 21:11:11.539 [info] > git for-each-ref --format=%(refname)%00%(upstream:short)%00%(objectname)%00%(upstream:track)%00%(upstream:remotename)%00%(upstream:remoteref) refs/heads/main refs/remotes/main [3ms]
2023-09-21 21:11:11.548 [info] > git status -z -uall [4ms]
2023-09-21 21:11:18.847 [info] > git config --get commit.template [11ms]
2023-09-21 21:11:18.860 [info] > git for-each-ref --format=%(refname)%00%(upstream:short)%00%(objectname)%00%(upstream:track)%00%(upstream:remotename)%00%(upstream:remoteref) refs/heads/main refs/remotes/main [14ms]
2023-09-21 21:11:18.870 [info] > git status -z -uall [5ms]
2023-09-21 21:11:23.895 [info] > git config --get commit.template [6ms]
2023-09-21 21:11:23.899 [info] > git for-each-ref --format=%(refname)%00%(upstream:short)%00%(objectname)%00%(upstream:track)%00%(upstream:remotename)%00%(upstream:remoteref) refs/heads/main refs/remotes/main [4ms]
2023-09-21 21:11:23.910 [info] > git status -z -uall [6ms]
2023-09-21 21:11:28.942 [info] > git config --get commit.template [6ms]
2023-09-21 21:11:28.946 [info] > git for-each-ref --format=%(refname)%00%(upstream:short)%00%(objectname)%00%(upstream:track)%00%(upstream:remotename)%00%(upstream:remoteref) refs/heads/main refs/remotes/main [5ms]
2023-09-21 21:11:28.955 [info] > git status -z -uall [3ms]
2023-09-21 21:11:33.993 [info] > git config --get commit.template [7ms]
2023-09-21 21:11:33.995 [info] > git for-each-ref --format=%(refname)%00%(upstream:short)%00%(objectname)%00%(upstream:track)%00%(upstream:remotename)%00%(upstream:remoteref) refs/heads/main refs/remotes/main [3ms]
2023-09-21 21:11:34.017 [info] > git status -z -uall [17ms]
2023-09-21 21:11:39.082 [info] > git config --get commit.template [27ms]
2023-09-21 21:11:39.086 [info] > git for-each-ref --format=%(refname)%00%(upstream:short)%00%(objectname)%00%(upstream:track)%00%(upstream:remotename)%00%(upstream:remoteref) refs/heads/main refs/remotes/main [6ms]
2023-09-21 21:11:39.101 [info] > git status -z -uall [10ms]
2023-09-21 21:11:44.141 [info] > git for-each-ref --format=%(refname)%00%(upstream:short)%00%(objectname)%00%(upstream:track)%00%(upstream:remotename)%00%(upstream:remoteref) refs/heads/main refs/remotes/main [2ms]
2023-09-21 21:11:44.142 [info] > git config --get commit.template [20ms]
2023-09-21 21:11:44.156 [info] > git status -z -uall [7ms]
2023-09-21 21:12:06.064 [info] > git config --get commit.template [24ms]
2023-09-21 21:12:06.067 [info] > git for-each-ref --format=%(refname)%00%(upstream:short)%00%(objectname)%00%(upstream:track)%00%(upstream:remotename)%00%(upstream:remoteref) refs/heads/main refs/remotes/main [6ms]
2023-09-21 21:12:06.094 [info] > git status -z -uall [14ms]
2023-09-21 21:12:11.173 [info] > git config --get commit.template [6ms]
2023-09-21 21:12:11.176 [info] > git for-each-ref --format=%(refname)%00%(upstream:short)%00%(objectname)%00%(upstream:track)%00%(upstream:remotename)%00%(upstream:remoteref) refs/heads/main refs/remotes/main [3ms]
2023-09-21 21:12:11.188 [info] > git status -z -uall [7ms]
2023-09-21 21:12:16.216 [info] > git config --get commit.template [10ms]
2023-09-21 21:12:16.219 [info] > git for-each-ref --format=%(refname)%00%(upstream:short)%00%(objectname)%00%(upstream:track)%00%(upstream:remotename)%00%(upstream:remoteref) refs/heads/main refs/remotes/main [3ms]
2023-09-21 21:12:16.236 [info] > git status -z -uall [10ms]
2023-09-21 21:12:21.265 [info] > git config --get commit.template [7ms]
2023-09-21 21:12:21.267 [info] > git for-each-ref --format=%(refname)%00%(upstream:short)%00%(objectname)%00%(upstream:track)%00%(upstream:remotename)%00%(upstream:remoteref) refs/heads/main refs/remotes/main [3ms]
2023-09-21 21:12:21.278 [info] > git status -z -uall [7ms]
2023-09-21 21:12:26.301 [info] > git config --get commit.template [6ms]
2023-09-21 21:12:26.304 [info] > git for-each-ref --format=%(refname)%00%(upstream:short)%00%(objectname)%00%(upstream:track)%00%(upstream:remotename)%00%(upstream:remoteref) refs/heads/main refs/remotes/main [3ms]
2023-09-21 21:12:26.316 [info] > git status -z -uall [6ms]
2023-09-21 21:12:31.346 [info] > git for-each-ref --format=%(refname)%00%(upstream:short)%00%(objectname)%00%(upstream:track)%00%(upstream:remotename)%00%(upstream:remoteref) refs/heads/main refs/remotes/main [1ms]
2023-09-21 21:12:31.346 [info] > git config --get commit.template [13ms]
2023-09-21 21:12:31.359 [info] > git status -z -uall [5ms]
2023-09-21 21:12:36.391 [info] > git config --get commit.template [5ms]
2023-09-21 21:12:36.394 [info] > git for-each-ref --format=%(refname)%00%(upstream:short)%00%(objectname)%00%(upstream:track)%00%(upstream:remotename)%00%(upstream:remoteref) refs/heads/main refs/remotes/main [4ms]
2023-09-21 21:12:36.407 [info] > git status -z -uall [8ms]
2023-09-21 21:12:41.432 [info] > git config --get commit.template [10ms]
2023-09-21 21:12:41.435 [info] > git for-each-ref --format=%(refname)%00%(upstream:short)%00%(objectname)%00%(upstream:track)%00%(upstream:remotename)%00%(upstream:remoteref) refs/heads/main refs/remotes/main [4ms]
2023-09-21 21:12:41.447 [info] > git status -z -uall [4ms]
2023-09-21 21:12:46.474 [info] > git config --get commit.template [7ms]
2023-09-21 21:12:46.478 [info] > git for-each-ref --format=%(refname)%00%(upstream:short)%00%(objectname)%00%(upstream:track)%00%(upstream:remotename)%00%(upstream:remoteref) refs/heads/main refs/remotes/main [5ms]
2023-09-21 21:12:46.494 [info] > git status -z -uall [10ms]
2023-09-21 21:12:51.515 [info] > git config --get commit.template [3ms]
2023-09-21 21:12:51.541 [info] > git for-each-ref --format=%(refname)%00%(upstream:short)%00%(objectname)%00%(upstream:track)%00%(upstream:remotename)%00%(upstream:remoteref) refs/heads/main refs/remotes/main [9ms]
2023-09-21 21:12:51.555 [info] > git status -z -uall [4ms]
2023-09-21 21:12:56.575 [info] > git config --get commit.template [7ms]
2023-09-21 21:12:56.577 [info] > git for-each-ref --format=%(refname)%00%(upstream:short)%00%(objectname)%00%(upstream:track)%00%(upstream:remotename)%00%(upstream:remoteref) refs/heads/main refs/remotes/main [3ms]
2023-09-21 21:12:56.586 [info] > git status -z -uall [4ms]
